<?xml version="1.0" encoding="UTF-8"?><testsuite errors="0" failures="1" name="User register" skipped="0" tests="1" time="45.04" timestamp="2022-04-03 10:38:01"><testcase name="Register in platform uTest"><failure message="Expected enabled element was not enabled" type="net.thucydides.core.webdriver.exceptions.ElementShouldBeEnabledException">Expected enabled element was not enabled</failure><system-err>Expected enabled element was not enabled&#13;
co.com.choucair.retotecnico.tasks.InsertDateUser.performAs(InsertDateUser.java:32)&#13;
co.com.choucair.retotecnico.stepdefinitions.RetoStepDefinitions.iGoToRegistrationForm(RetoStepDefinitions.java:33)&#13;
cucumber.runner.Runner.runPickle(Runner.java:80)&#13;
</system-err></testcase></testsuite>